{"C:\\Users\\cckhh\\projects\\order-api\\src\\helper.ts": {"path":"C:\\Users\\cckhh\\projects\\order-api\\src\\helper.ts","statementMap":{"0":{"start":{"line":1,"column":13},"end":{"line":48,"column":2}},"1":{"start":{"line":2,"column":25},"end":{"line":2,"column":27}},"2":{"start":{"line":3,"column":2},"end":{"line":24,"column":null}},"3":{"start":{"line":4,"column":4},"end":{"line":4,"column":37}},"4":{"start":{"line":6,"column":4},"end":{"line":23,"column":null}},"5":{"start":{"line":7,"column":6},"end":{"line":7,"column":49}},"6":{"start":{"line":8,"column":11},"end":{"line":23,"column":null}},"7":{"start":{"line":9,"column":6},"end":{"line":9,"column":49}},"8":{"start":{"line":11,"column":6},"end":{"line":13,"column":null}},"9":{"start":{"line":12,"column":8},"end":{"line":12,"column":55}},"10":{"start":{"line":14,"column":6},"end":{"line":16,"column":null}},"11":{"start":{"line":15,"column":8},"end":{"line":15,"column":63}},"12":{"start":{"line":17,"column":6},"end":{"line":19,"column":null}},"13":{"start":{"line":18,"column":8},"end":{"line":18,"column":55}},"14":{"start":{"line":20,"column":6},"end":{"line":22,"column":null}},"15":{"start":{"line":21,"column":8},"end":{"line":21,"column":63}},"16":{"start":{"line":25,"column":2},"end":{"line":46,"column":null}},"17":{"start":{"line":26,"column":4},"end":{"line":26,"column":42}},"18":{"start":{"line":28,"column":4},"end":{"line":45,"column":null}},"19":{"start":{"line":29,"column":6},"end":{"line":29,"column":54}},"20":{"start":{"line":30,"column":11},"end":{"line":45,"column":null}},"21":{"start":{"line":31,"column":6},"end":{"line":31,"column":54}},"22":{"start":{"line":33,"column":6},"end":{"line":35,"column":null}},"23":{"start":{"line":34,"column":8},"end":{"line":34,"column":60}},"24":{"start":{"line":36,"column":6},"end":{"line":38,"column":null}},"25":{"start":{"line":37,"column":8},"end":{"line":37,"column":68}},"26":{"start":{"line":39,"column":6},"end":{"line":41,"column":null}},"27":{"start":{"line":40,"column":8},"end":{"line":40,"column":60}},"28":{"start":{"line":42,"column":6},"end":{"line":44,"column":null}},"29":{"start":{"line":43,"column":8},"end":{"line":43,"column":68}},"30":{"start":{"line":47,"column":2},"end":{"line":47,"column":24}}},"fnMap":{"0":{"name":"(anonymous_0)","decl":{"start":{"line":1,"column":39},"end":{"line":1,"column":40}},"loc":{"start":{"line":1,"column":50},"end":{"line":48,"column":1}}}},"branchMap":{"0":{"loc":{"start":{"line":3,"column":2},"end":{"line":24,"column":null}},"type":"if","locations":[{"start":{"line":3,"column":2},"end":{"line":24,"column":null}},{"start":{"line":5,"column":9},"end":{"line":24,"column":null}}]},"1":{"loc":{"start":{"line":6,"column":4},"end":{"line":23,"column":null}},"type":"if","locations":[{"start":{"line":6,"column":4},"end":{"line":23,"column":null}},{"start":{"line":8,"column":11},"end":{"line":23,"column":null}}]},"2":{"loc":{"start":{"line":8,"column":11},"end":{"line":23,"column":null}},"type":"if","locations":[{"start":{"line":8,"column":11},"end":{"line":23,"column":null}},{"start":{"line":10,"column":11},"end":{"line":23,"column":null}}]},"3":{"loc":{"start":{"line":11,"column":6},"end":{"line":13,"column":null}},"type":"if","locations":[{"start":{"line":11,"column":6},"end":{"line":13,"column":null}}]},"4":{"loc":{"start":{"line":14,"column":6},"end":{"line":16,"column":null}},"type":"if","locations":[{"start":{"line":14,"column":6},"end":{"line":16,"column":null}}]},"5":{"loc":{"start":{"line":17,"column":6},"end":{"line":19,"column":null}},"type":"if","locations":[{"start":{"line":17,"column":6},"end":{"line":19,"column":null}}]},"6":{"loc":{"start":{"line":20,"column":6},"end":{"line":22,"column":null}},"type":"if","locations":[{"start":{"line":20,"column":6},"end":{"line":22,"column":null}}]},"7":{"loc":{"start":{"line":25,"column":2},"end":{"line":46,"column":null}},"type":"if","locations":[{"start":{"line":25,"column":2},"end":{"line":46,"column":null}},{"start":{"line":27,"column":9},"end":{"line":46,"column":null}}]},"8":{"loc":{"start":{"line":28,"column":4},"end":{"line":45,"column":null}},"type":"if","locations":[{"start":{"line":28,"column":4},"end":{"line":45,"column":null}},{"start":{"line":30,"column":11},"end":{"line":45,"column":null}}]},"9":{"loc":{"start":{"line":30,"column":11},"end":{"line":45,"column":null}},"type":"if","locations":[{"start":{"line":30,"column":11},"end":{"line":45,"column":null}},{"start":{"line":32,"column":11},"end":{"line":45,"column":null}}]},"10":{"loc":{"start":{"line":33,"column":6},"end":{"line":35,"column":null}},"type":"if","locations":[{"start":{"line":33,"column":6},"end":{"line":35,"column":null}}]},"11":{"loc":{"start":{"line":36,"column":6},"end":{"line":38,"column":null}},"type":"if","locations":[{"start":{"line":36,"column":6},"end":{"line":38,"column":null}}]},"12":{"loc":{"start":{"line":39,"column":6},"end":{"line":41,"column":null}},"type":"if","locations":[{"start":{"line":39,"column":6},"end":{"line":41,"column":null}}]},"13":{"loc":{"start":{"line":42,"column":6},"end":{"line":44,"column":null}},"type":"if","locations":[{"start":{"line":42,"column":6},"end":{"line":44,"column":null}}]}},"s":{"0":1,"1":4,"2":4,"3":0,"4":4,"5":0,"6":4,"7":0,"8":4,"9":1,"10":4,"11":0,"12":4,"13":0,"14":4,"15":1,"16":4,"17":0,"18":4,"19":0,"20":4,"21":1,"22":3,"23":0,"24":3,"25":0,"26":3,"27":0,"28":3,"29":0,"30":4},"f":{"0":4},"b":{"0":[0,4],"1":[0,4],"2":[0,4],"3":[1],"4":[0],"5":[0],"6":[1],"7":[0,4],"8":[0,4],"9":[1,3],"10":[0],"11":[0],"12":[0],"13":[0]}}
,"C:\\Users\\cckhh\\projects\\order-api\\src\\index.ts": {"path":"C:\\Users\\cckhh\\projects\\order-api\\src\\index.ts","statementMap":{"0":{"start":{"line":1,"column":0},"end":{"line":1,"column":30}},"1":{"start":{"line":2,"column":0},"end":{"line":2,"column":32}},"2":{"start":{"line":3,"column":0},"end":{"line":3,"column":35}},"3":{"start":{"line":4,"column":0},"end":{"line":4,"column":39}},"4":{"start":{"line":5,"column":0},"end":{"line":5,"column":28}},"5":{"start":{"line":7,"column":0},"end":{"line":7,"column":16}},"6":{"start":{"line":9,"column":13},"end":{"line":9,"column":29}},"7":{"start":{"line":10,"column":0},"end":{"line":10,"column":16}},"8":{"start":{"line":11,"column":0},"end":{"line":11,"column":21}},"9":{"start":{"line":13,"column":0},"end":{"line":15,"column":3}},"10":{"start":{"line":14,"column":2},"end":{"line":14,"column":39}},"11":{"start":{"line":18,"column":0},"end":{"line":20,"column":3}},"12":{"start":{"line":19,"column":2},"end":{"line":19,"column":50}}},"fnMap":{"0":{"name":"(anonymous_1)","decl":{"start":{"line":13,"column":52},"end":{"line":13,"column":null}},"loc":{"start":{"line":13,"column":52},"end":{"line":15,"column":1}}},"1":{"name":"(anonymous_2)","decl":{"start":{"line":18,"column":17},"end":{"line":18,"column":null}},"loc":{"start":{"line":18,"column":17},"end":{"line":20,"column":1}}}},"branchMap":{},"s":{"0":1,"1":1,"2":1,"3":1,"4":1,"5":1,"6":1,"7":1,"8":1,"9":1,"10":1,"11":1,"12":1},"f":{"0":1,"1":1},"b":{}}
,"C:\\Users\\cckhh\\projects\\order-api\\src\\model.ts": {"path":"C:\\Users\\cckhh\\projects\\order-api\\src\\model.ts","statementMap":{"0":{"start":{"line":1,"column":0},"end":{"line":1,"column":51}},"1":{"start":{"line":11,"column":13},"end":{"line":16,"column":3}},"2":{"start":{"line":18,"column":19},"end":{"line":18,"column":54}},"3":{"start":{"line":20,"column":0},"end":{"line":20,"column":26}}},"fnMap":{},"branchMap":{},"s":{"0":1,"1":1,"2":1,"3":1},"f":{},"b":{}}
,"C:\\Users\\cckhh\\projects\\order-api\\src\\routes.ts": {"path":"C:\\Users\\cckhh\\projects\\order-api\\src\\routes.ts","statementMap":{"0":{"start":{"line":2,"column":0},"end":{"line":2,"column":30}},"1":{"start":{"line":3,"column":0},"end":{"line":3,"column":51}},"2":{"start":{"line":4,"column":0},"end":{"line":4,"column":33}},"3":{"start":{"line":5,"column":0},"end":{"line":5,"column":61}},"4":{"start":{"line":7,"column":15},"end":{"line":7,"column":31}},"5":{"start":{"line":96,"column":19},"end":{"line":96,"column":30}},"6":{"start":{"line":9,"column":0},"end":{"line":45,"column":3}},"7":{"start":{"line":9,"column":57},"end":{"line":45,"column":2}},"8":{"start":{"line":10,"column":8},"end":{"line":10,"column":34}},"9":{"start":{"line":11,"column":8},"end":{"line":11,"column":61}},"10":{"start":{"line":12,"column":2},"end":{"line":14,"column":null}},"11":{"start":{"line":13,"column":4},"end":{"line":13,"column":72}},"12":{"start":{"line":15,"column":8},"end":{"line":15,"column":32}},"13":{"start":{"line":16,"column":25},"end":{"line":23,"column":null}},"14":{"start":{"line":16,"column":8},"end":{"line":23,"column":null}},"15":{"start":{"line":25,"column":8},"end":{"line":26,"column":68}},"16":{"start":{"line":28,"column":2},"end":{"line":30,"column":null}},"17":{"start":{"line":29,"column":4},"end":{"line":29,"column":63}},"18":{"start":{"line":32,"column":8},"end":{"line":37,"column":5}},"19":{"start":{"line":38,"column":21},"end":{"line":38,"column":null}},"20":{"start":{"line":38,"column":8},"end":{"line":38,"column":null}},"21":{"start":{"line":39,"column":8},"end":{"line":43,"column":4}},"22":{"start":{"line":44,"column":2},"end":{"line":44,"column":38}},"23":{"start":{"line":47,"column":0},"end":{"line":71,"column":3}},"24":{"start":{"line":47,"column":62},"end":{"line":71,"column":2}},"25":{"start":{"line":48,"column":8},"end":{"line":48,"column":32}},"26":{"start":{"line":49,"column":2},"end":{"line":49,"column":22}},"27":{"start":{"line":50,"column":2},"end":{"line":50,"column":21}},"28":{"start":{"line":52,"column":2},"end":{"line":54,"column":null}},"29":{"start":{"line":53,"column":4},"end":{"line":53,"column":60}},"30":{"start":{"line":57,"column":12},"end":{"line":61,"column":6}},"31":{"start":{"line":57,"column":4},"end":{"line":61,"column":6}},"32":{"start":{"line":63,"column":4},"end":{"line":63,"column":55}},"33":{"start":{"line":66,"column":2},"end":{"line":68,"column":null}},"34":{"start":{"line":67,"column":4},"end":{"line":67,"column":79}},"35":{"start":{"line":70,"column":2},"end":{"line":70,"column":53}},"36":{"start":{"line":73,"column":0},"end":{"line":94,"column":3}},"37":{"start":{"line":73,"column":56},"end":{"line":94,"column":2}},"38":{"start":{"line":74,"column":8},"end":{"line":74,"column":32}},"39":{"start":{"line":75,"column":8},"end":{"line":75,"column":34}},"40":{"start":{"line":76,"column":2},"end":{"line":78,"column":null}},"41":{"start":{"line":77,"column":4},"end":{"line":77,"column":59}},"42":{"start":{"line":80,"column":2},"end":{"line":82,"column":null}},"43":{"start":{"line":81,"column":4},"end":{"line":81,"column":60}},"44":{"start":{"line":84,"column":21},"end":{"line":87,"column":null}},"45":{"start":{"line":84,"column":8},"end":{"line":87,"column":null}},"46":{"start":{"line":89,"column":2},"end":{"line":93,"column":6}},"47":{"start":{"line":92,"column":26},"end":{"line":92,"column":28}},"48":{"start":{"line":92,"column":36},"end":{"line":92,"column":38}},"49":{"start":{"line":92,"column":44},"end":{"line":92,"column":46}},"50":{"start":{"line":92,"column":51},"end":{"line":92,"column":78}}},"fnMap":{"0":{"name":"(anonymous_14)","decl":{"start":{"line":9,"column":23},"end":{"line":9,"column":30}},"loc":{"start":{"line":9,"column":57},"end":{"line":45,"column":2}}},"1":{"name":"(anonymous_15)","decl":{"start":{"line":9,"column":57},"end":{"line":9,"column":null}},"loc":{"start":{"line":9,"column":57},"end":{"line":45,"column":2}}},"2":{"name":"(anonymous_17)","decl":{"start":{"line":47,"column":28},"end":{"line":47,"column":35}},"loc":{"start":{"line":47,"column":62},"end":{"line":71,"column":2}}},"3":{"name":"(anonymous_18)","decl":{"start":{"line":47,"column":62},"end":{"line":47,"column":null}},"loc":{"start":{"line":47,"column":62},"end":{"line":71,"column":2}}},"4":{"name":"(anonymous_20)","decl":{"start":{"line":73,"column":22},"end":{"line":73,"column":29}},"loc":{"start":{"line":73,"column":56},"end":{"line":94,"column":2}}},"5":{"name":"(anonymous_21)","decl":{"start":{"line":73,"column":56},"end":{"line":73,"column":null}},"loc":{"start":{"line":73,"column":56},"end":{"line":94,"column":2}}},"6":{"name":"(anonymous_23)","decl":{"start":{"line":92,"column":21},"end":{"line":92,"column":22}},"loc":{"start":{"line":92,"column":46},"end":{"line":92,"column":52}}}},"branchMap":{"0":{"loc":{"start":{"line":12,"column":2},"end":{"line":14,"column":null}},"type":"if","locations":[{"start":{"line":12,"column":2},"end":{"line":14,"column":null}}]},"1":{"loc":{"start":{"line":18,"column":11},"end":{"line":18,"column":56}},"type":"binary-expr","locations":[{"start":{"line":18,"column":11},"end":{"line":18,"column":42}},{"start":{"line":18,"column":46},"end":{"line":18,"column":56}}]},"2":{"loc":{"start":{"line":25,"column":21},"end":{"line":26,"column":67}},"type":"cond-expr","locations":[{"start":{"line":26,"column":60},"end":{"line":26,"column":62}},{"start":{"line":26,"column":60},"end":{"line":26,"column":67}}]},"3":{"loc":{"start":{"line":25,"column":21},"end":{"line":26,"column":62}},"type":"binary-expr","locations":[{"start":{"line":25,"column":21},"end":{"line":26,"column":62}},{"start":{"line":26,"column":60},"end":{"line":26,"column":62}}]},"4":{"loc":{"start":{"line":25,"column":21},"end":{"line":26,"column":60}},"type":"cond-expr","locations":[{"start":{"line":26,"column":49},"end":{"line":26,"column":52}},{"start":{"line":26,"column":49},"end":{"line":26,"column":60}}]},"5":{"loc":{"start":{"line":25,"column":21},"end":{"line":26,"column":52}},"type":"binary-expr","locations":[{"start":{"line":25,"column":21},"end":{"line":26,"column":52}},{"start":{"line":26,"column":49},"end":{"line":26,"column":52}}]},"6":{"loc":{"start":{"line":25,"column":21},"end":{"line":26,"column":52}},"type":"cond-expr","locations":[{"start":{"line":26,"column":45},"end":{"line":26,"column":48}},{"start":{"line":26,"column":45},"end":{"line":26,"column":52}}]},"7":{"loc":{"start":{"line":25,"column":21},"end":{"line":26,"column":48}},"type":"binary-expr","locations":[{"start":{"line":25,"column":21},"end":{"line":26,"column":48}},{"start":{"line":26,"column":45},"end":{"line":26,"column":48}}]},"8":{"loc":{"start":{"line":25,"column":21},"end":{"line":26,"column":45}},"type":"cond-expr","locations":[{"start":{"line":26,"column":34},"end":{"line":26,"column":37}},{"start":{"line":26,"column":34},"end":{"line":26,"column":45}}]},"9":{"loc":{"start":{"line":25,"column":21},"end":{"line":26,"column":37}},"type":"binary-expr","locations":[{"start":{"line":25,"column":21},"end":{"line":26,"column":37}},{"start":{"line":26,"column":34},"end":{"line":26,"column":37}}]},"10":{"loc":{"start":{"line":25,"column":21},"end":{"line":26,"column":37}},"type":"cond-expr","locations":[{"start":{"line":26,"column":30},"end":{"line":26,"column":33}},{"start":{"line":26,"column":30},"end":{"line":26,"column":37}}]},"11":{"loc":{"start":{"line":25,"column":21},"end":{"line":26,"column":33}},"type":"binary-expr","locations":[{"start":{"line":25,"column":21},"end":{"line":26,"column":33}},{"start":{"line":26,"column":30},"end":{"line":26,"column":33}}]},"12":{"loc":{"start":{"line":25,"column":21},"end":{"line":26,"column":30}},"type":"cond-expr","locations":[{"start":{"line":26,"column":24},"end":{"line":26,"column":26}},{"start":{"line":26,"column":24},"end":{"line":26,"column":30}}]},"13":{"loc":{"start":{"line":25,"column":21},"end":{"line":26,"column":26}},"type":"binary-expr","locations":[{"start":{"line":25,"column":21},"end":{"line":26,"column":26}},{"start":{"line":26,"column":24},"end":{"line":26,"column":26}}]},"14":{"loc":{"start":{"line":26,"column":4},"end":{"line":26,"column":24}},"type":"cond-expr","locations":[{"start":{"line":26,"column":18},"end":{"line":26,"column":20}},{"start":{"line":26,"column":4},"end":{"line":26,"column":24}}]},"15":{"loc":{"start":{"line":26,"column":4},"end":{"line":26,"column":20}},"type":"binary-expr","locations":[{"start":{"line":26,"column":4},"end":{"line":26,"column":20}},{"start":{"line":26,"column":4},"end":{"line":26,"column":20}}]},"16":{"loc":{"start":{"line":28,"column":2},"end":{"line":30,"column":null}},"type":"if","locations":[{"start":{"line":28,"column":2},"end":{"line":30,"column":null}}]},"17":{"loc":{"start":{"line":48,"column":13},"end":{"line":48,"column":31}},"type":"cond-expr","locations":[{"start":{"line":48,"column":27},"end":{"line":48,"column":29}},{"start":{"line":48,"column":27},"end":{"line":48,"column":31}}]},"18":{"loc":{"start":{"line":48,"column":13},"end":{"line":48,"column":29}},"type":"binary-expr","locations":[{"start":{"line":48,"column":13},"end":{"line":48,"column":29}},{"start":{"line":48,"column":27},"end":{"line":48,"column":29}}]},"19":{"loc":{"start":{"line":48,"column":16},"end":{"line":48,"column":27}},"type":"cond-expr","locations":[{"start":{"line":48,"column":19},"end":{"line":48,"column":21}},{"start":{"line":48,"column":16},"end":{"line":48,"column":27}}]},"20":{"loc":{"start":{"line":48,"column":16},"end":{"line":48,"column":21}},"type":"binary-expr","locations":[{"start":{"line":48,"column":16},"end":{"line":48,"column":21}},{"start":{"line":48,"column":16},"end":{"line":48,"column":21}}]},"21":{"loc":{"start":{"line":52,"column":2},"end":{"line":54,"column":null}},"type":"if","locations":[{"start":{"line":52,"column":2},"end":{"line":54,"column":null}}]},"22":{"loc":{"start":{"line":52,"column":8},"end":{"line":52,"column":21}},"type":"cond-expr","locations":[{"start":{"line":52,"column":13},"end":{"line":52,"column":15}},{"start":{"line":52,"column":8},"end":{"line":52,"column":21}}]},"23":{"loc":{"start":{"line":52,"column":8},"end":{"line":52,"column":15}},"type":"binary-expr","locations":[{"start":{"line":52,"column":8},"end":{"line":52,"column":15}},{"start":{"line":52,"column":8},"end":{"line":52,"column":15}}]},"24":{"loc":{"start":{"line":66,"column":2},"end":{"line":68,"column":null}},"type":"if","locations":[{"start":{"line":66,"column":2},"end":{"line":68,"column":null}}]},"25":{"loc":{"start":{"line":66,"column":7},"end":{"line":66,"column":16}},"type":"cond-expr","locations":[{"start":{"line":66,"column":12},"end":{"line":66,"column":14}},{"start":{"line":66,"column":7},"end":{"line":66,"column":16}}]},"26":{"loc":{"start":{"line":66,"column":7},"end":{"line":66,"column":14}},"type":"binary-expr","locations":[{"start":{"line":66,"column":7},"end":{"line":66,"column":14}},{"start":{"line":66,"column":7},"end":{"line":66,"column":14}}]},"27":{"loc":{"start":{"line":74,"column":12},"end":{"line":74,"column":31}},"type":"cond-expr","locations":[{"start":{"line":74,"column":25},"end":{"line":74,"column":27}},{"start":{"line":74,"column":25},"end":{"line":74,"column":31}}]},"28":{"loc":{"start":{"line":74,"column":12},"end":{"line":74,"column":27}},"type":"binary-expr","locations":[{"start":{"line":74,"column":12},"end":{"line":74,"column":27}},{"start":{"line":74,"column":25},"end":{"line":74,"column":27}}]},"29":{"loc":{"start":{"line":74,"column":15},"end":{"line":74,"column":25}},"type":"cond-expr","locations":[{"start":{"line":74,"column":18},"end":{"line":74,"column":20}},{"start":{"line":74,"column":15},"end":{"line":74,"column":25}}]},"30":{"loc":{"start":{"line":74,"column":15},"end":{"line":74,"column":20}},"type":"binary-expr","locations":[{"start":{"line":74,"column":15},"end":{"line":74,"column":20}},{"start":{"line":74,"column":15},"end":{"line":74,"column":20}}]},"31":{"loc":{"start":{"line":75,"column":13},"end":{"line":75,"column":33}},"type":"cond-expr","locations":[{"start":{"line":75,"column":26},"end":{"line":75,"column":28}},{"start":{"line":75,"column":26},"end":{"line":75,"column":33}}]},"32":{"loc":{"start":{"line":75,"column":13},"end":{"line":75,"column":28}},"type":"binary-expr","locations":[{"start":{"line":75,"column":13},"end":{"line":75,"column":28}},{"start":{"line":75,"column":26},"end":{"line":75,"column":28}}]},"33":{"loc":{"start":{"line":75,"column":16},"end":{"line":75,"column":26}},"type":"cond-expr","locations":[{"start":{"line":75,"column":19},"end":{"line":75,"column":21}},{"start":{"line":75,"column":16},"end":{"line":75,"column":26}}]},"34":{"loc":{"start":{"line":75,"column":16},"end":{"line":75,"column":21}},"type":"binary-expr","locations":[{"start":{"line":75,"column":16},"end":{"line":75,"column":21}},{"start":{"line":75,"column":16},"end":{"line":75,"column":21}}]},"35":{"loc":{"start":{"line":76,"column":2},"end":{"line":78,"column":null}},"type":"if","locations":[{"start":{"line":76,"column":2},"end":{"line":78,"column":null}}]},"36":{"loc":{"start":{"line":76,"column":6},"end":{"line":76,"column":45}},"type":"binary-expr","locations":[{"start":{"line":76,"column":6},"end":{"line":76,"column":25}},{"start":{"line":76,"column":29},"end":{"line":76,"column":45}}]},"37":{"loc":{"start":{"line":80,"column":2},"end":{"line":82,"column":null}},"type":"if","locations":[{"start":{"line":80,"column":2},"end":{"line":82,"column":null}}]},"38":{"loc":{"start":{"line":80,"column":6},"end":{"line":80,"column":47}},"type":"binary-expr","locations":[{"start":{"line":80,"column":6},"end":{"line":80,"column":26}},{"start":{"line":80,"column":30},"end":{"line":80,"column":47}}]}},"s":{"0":1,"1":1,"2":1,"3":1,"4":1,"5":1,"6":1,"7":4,"8":4,"9":4,"10":4,"11":1,"12":3,"13":3,"14":3,"15":3,"16":3,"17":0,"18":3,"19":3,"20":3,"21":3,"22":3,"23":1,"24":4,"25":4,"26":4,"27":4,"28":4,"29":0,"30":4,"31":4,"32":1,"33":3,"34":1,"35":2,"36":1,"37":3,"38":3,"39":3,"40":3,"41":2,"42":1,"43":0,"44":1,"45":1,"46":1,"47":3,"48":3,"49":3,"50":3},"f":{"0":4,"1":4,"2":4,"3":4,"4":3,"5":3,"6":3},"b":{"0":[1],"1":[3,0],"2":[0,3],"3":[3,3],"4":[0,3],"5":[3,3],"6":[0,3],"7":[3,3],"8":[0,3],"9":[3,3],"10":[0,3],"11":[3,3],"12":[0,3],"13":[3,3],"14":[0,3],"15":[3,3],"16":[0],"17":[0,4],"18":[4,4],"19":[0,4],"20":[4,4],"21":[0],"22":[0,4],"23":[4,4],"24":[1],"25":[1,2],"26":[3,2],"27":[0,3],"28":[3,3],"29":[0,3],"30":[3,3],"31":[0,3],"32":[3,3],"33":[0,3],"34":[3,3],"35":[2],"36":[3,2],"37":[0],"38":[1,1]}}
}
