TN:
SF:src\helper.ts
FN:1,(anonymous_0)
FNF:1
FNH:1
FNDA:4,(anonymous_0)
DA:1,1
DA:2,4
DA:3,4
DA:4,0
DA:6,4
DA:7,0
DA:8,4
DA:9,0
DA:11,4
DA:12,1
DA:14,4
DA:15,0
DA:17,4
DA:18,0
DA:20,4
DA:21,1
DA:25,4
DA:26,0
DA:28,4
DA:29,0
DA:30,4
DA:31,1
DA:33,3
DA:34,0
DA:36,3
DA:37,0
DA:39,3
DA:40,0
DA:42,3
DA:43,0
DA:47,4
LF:31
LH:20
BRDA:3,0,0,0
BRDA:3,0,1,4
BRDA:6,1,0,0
BRDA:6,1,1,4
BRDA:8,2,0,0
BRDA:8,2,1,4
BRDA:11,3,0,1
BRDA:14,4,0,0
BRDA:17,5,0,0
BRDA:20,6,0,1
BRDA:25,7,0,0
BRDA:25,7,1,4
BRDA:28,8,0,0
BRDA:28,8,1,4
BRDA:30,9,0,1
BRDA:30,9,1,3
BRDA:33,10,0,0
BRDA:36,11,0,0
BRDA:39,12,0,0
BRDA:42,13,0,0
BRF:20
BRH:9
end_of_record
TN:
SF:src\index.ts
FN:13,(anonymous_1)
FN:18,(anonymous_2)
FNF:2
FNH:2
FNDA:1,(anonymous_1)
FNDA:1,(anonymous_2)
DA:1,1
DA:2,1
DA:3,1
DA:4,1
DA:5,1
DA:7,1
DA:9,1
DA:10,1
DA:11,1
DA:13,1
DA:14,1
DA:18,1
DA:19,1
LF:13
LH:13
BRF:0
BRH:0
end_of_record
TN:
SF:src\model.ts
FNF:0
FNH:0
DA:1,1
DA:11,1
DA:18,1
DA:20,1
LF:4
LH:4
BRF:0
BRH:0
end_of_record
TN:
SF:src\routes.ts
FN:9,(anonymous_14)
FN:9,(anonymous_15)
FN:47,(anonymous_17)
FN:47,(anonymous_18)
FN:73,(anonymous_20)
FN:73,(anonymous_21)
FN:92,(anonymous_23)
FNF:7
FNH:7
FNDA:4,(anonymous_14)
FNDA:4,(anonymous_15)
FNDA:4,(anonymous_17)
FNDA:4,(anonymous_18)
FNDA:3,(anonymous_20)
FNDA:3,(anonymous_21)
FNDA:3,(anonymous_23)
DA:2,1
DA:3,1
DA:4,1
DA:5,1
DA:7,1
DA:9,4
DA:10,4
DA:11,4
DA:12,4
DA:13,1
DA:15,3
DA:16,3
DA:25,3
DA:28,3
DA:29,0
DA:32,3
DA:38,3
DA:39,3
DA:44,3
DA:47,4
DA:48,4
DA:49,4
DA:50,4
DA:52,4
DA:53,0
DA:57,4
DA:63,1
DA:66,3
DA:67,1
DA:70,2
DA:73,3
DA:74,3
DA:75,3
DA:76,3
DA:77,2
DA:80,1
DA:81,0
DA:84,1
DA:89,1
DA:92,3
DA:96,1
LF:41
LH:38
BRDA:12,0,0,1
BRDA:18,1,0,3
BRDA:18,1,1,0
BRDA:25,2,0,0
BRDA:25,2,1,3
BRDA:25,3,0,3
BRDA:25,3,1,3
BRDA:25,4,0,0
BRDA:25,4,1,3
BRDA:25,5,0,3
BRDA:25,5,1,3
BRDA:25,6,0,0
BRDA:25,6,1,3
BRDA:25,7,0,3
BRDA:25,7,1,3
BRDA:25,8,0,0
BRDA:25,8,1,3
BRDA:25,9,0,3
BRDA:25,9,1,3
BRDA:25,10,0,0
BRDA:25,10,1,3
BRDA:25,11,0,3
BRDA:25,11,1,3
BRDA:25,12,0,0
BRDA:25,12,1,3
BRDA:25,13,0,3
BRDA:25,13,1,3
BRDA:26,14,0,0
BRDA:26,14,1,3
BRDA:26,15,0,3
BRDA:26,15,1,3
BRDA:28,16,0,0
BRDA:48,17,0,0
BRDA:48,17,1,4
BRDA:48,18,0,4
BRDA:48,18,1,4
BRDA:48,19,0,0
BRDA:48,19,1,4
BRDA:48,20,0,4
BRDA:48,20,1,4
BRDA:52,21,0,0
BRDA:52,22,0,0
BRDA:52,22,1,4
BRDA:52,23,0,4
BRDA:52,23,1,4
BRDA:66,24,0,1
BRDA:66,25,0,1
BRDA:66,25,1,2
BRDA:66,26,0,3
BRDA:66,26,1,2
BRDA:74,27,0,0
BRDA:74,27,1,3
BRDA:74,28,0,3
BRDA:74,28,1,3
BRDA:74,29,0,0
BRDA:74,29,1,3
BRDA:74,30,0,3
BRDA:74,30,1,3
BRDA:75,31,0,0
BRDA:75,31,1,3
BRDA:75,32,0,3
BRDA:75,32,1,3
BRDA:75,33,0,0
BRDA:75,33,1,3
BRDA:75,34,0,3
BRDA:75,34,1,3
BRDA:76,35,0,2
BRDA:76,36,0,3
BRDA:76,36,1,2
BRDA:80,37,0,0
BRDA:80,38,0,1
BRDA:80,38,1,1
BRF:72
BRH:54
end_of_record
